# JRE version: OpenJDK Runtime Environment (21.0.7) (build 21.0.7+-13880790-b1038.58)
# Java VM: OpenJDK 64-Bit Server VM (21.0.7+-13880790-b1038.58, mixed mode, tiered, compressed oops, compressed class ptrs, g1 gc, windows-amd64)
GC Precious Log:
 CardTable entry size: 512
 Card Set container configuration: InlinePtr #cards 5 size 8 Array Of Cards #cards 12 size 40 Howl #buckets 4 coarsen threshold 1843 Howl Bitmap #cards 512 size 80 coarsen threshold 460 Card regions per heap region 1 cards per card region 2048
 CPUs: 16 total, 16 available
 Memory: 30873M
 Large Page Support: Disabled
 NUMA Support: Disabled
 Compressed Oops: Enabled (32-bit)
 Heap Region Size: 1M
 Heap Min Capacity: 8M
 Heap Initial Capacity: 484M
 Heap Max Capacity: 2G
 Pre-touch: Disabled
 Parallel Workers: 13
 Concurrent Workers: 3
 Concurrent Refinement Workers: 13
 Periodic GC: Disabled
Heap:
 garbage-first heap   total 291840K, used 136350K [0x0000000080000000, 0x0000000100000000)
  region size 1024K, 46 young (47104K), 14 survivors (14336K)
 Metaspace       used 113073K, committed 115264K, reserved 1179648K
  class space    used 15686K, committed 16768K, reserved 1048576K
GC Heap History (20 events):
Event: 2.860 GC heap before
{Heap before GC invocations=10 (full 0):
 garbage-first heap   total 82944K, used 75399K [0x0000000080000000, 0x0000000100000000)
  region size 1024K, 45 young (46080K), 6 survivors (6144K)
 Metaspace       used 47239K, committed 48256K, reserved 1114112K
  class space    used 6249K, committed 6720K, reserved 1048576K
}
Event: 2.866 GC heap after
{Heap after GC invocations=11 (full 0):
 garbage-first heap   total 88064K, used 34714K [0x0000000080000000, 0x0000000100000000)
  region size 1024K, 5 young (5120K), 5 survivors (5120K)
 Metaspace       used 47239K, committed 48256K, reserved 1114112K
  class space    used 6249K, committed 6720K, reserved 1048576K
}
Event: 3.129 GC heap before
{Heap before GC invocations=11 (full 0):
 garbage-first heap   total 88064K, used 74650K [0x0000000080000000, 0x0000000100000000)
  region size 1024K, 44 young (45056K), 5 survivors (5120K)
 Metaspace       used 51984K, committed 53376K, reserved 1114112K
  class space    used 7046K, committed 7744K, reserved 1048576K
}
Event: 3.131 GC heap after
{Heap after GC invocations=12 (full 0):
 garbage-first heap   total 88064K, used 37339K [0x0000000080000000, 0x0000000100000000)
  region size 1024K, 3 young (3072K), 3 survivors (3072K)
 Metaspace       used 51984K, committed 53376K, reserved 1114112K
  class space    used 7046K, committed 7744K, reserved 1048576K
}
Event: 3.735 GC heap before
{Heap before GC invocations=12 (full 0):
 garbage-first heap   total 88064K, used 76251K [0x0000000080000000, 0x0000000100000000)
  region size 1024K, 42 young (43008K), 3 survivors (3072K)
 Metaspace       used 56078K, committed 57536K, reserved 1114112K
  class space    used 7702K, committed 8384K, reserved 1048576K
}
Event: 3.738 GC heap after
{Heap after GC invocations=13 (full 0):
 garbage-first heap   total 88064K, used 41286K [0x0000000080000000, 0x0000000100000000)
  region size 1024K, 6 young (6144K), 6 survivors (6144K)
 Metaspace       used 56078K, committed 57536K, reserved 1114112K
  class space    used 7702K, committed 8384K, reserved 1048576K
}
Event: 3.984 GC heap before
{Heap before GC invocations=13 (full 0):
 garbage-first heap   total 88064K, used 70982K [0x0000000080000000, 0x0000000100000000)
  region size 1024K, 36 young (36864K), 6 survivors (6144K)
 Metaspace       used 58960K, committed 60416K, reserved 1114112K
  class space    used 8153K, committed 8832K, reserved 1048576K
}
Event: 3.987 GC heap after
{Heap after GC invocations=14 (full 0):
 garbage-first heap   total 88064K, used 44728K [0x0000000080000000, 0x0000000100000000)
  region size 1024K, 4 young (4096K), 4 survivors (4096K)
 Metaspace       used 58960K, committed 60416K, reserved 1114112K
  class space    used 8153K, committed 8832K, reserved 1048576K
}
Event: 4.240 GC heap before
{Heap before GC invocations=15 (full 0):
 garbage-first heap   total 88064K, used 77496K [0x0000000080000000, 0x0000000100000000)
  region size 1024K, 35 young (35840K), 4 survivors (4096K)
 Metaspace       used 63479K, committed 65088K, reserved 1114112K
  class space    used 8714K, committed 9536K, reserved 1048576K
}
Event: 4.242 GC heap after
{Heap after GC invocations=16 (full 0):
 garbage-first heap   total 291840K, used 46064K [0x0000000080000000, 0x0000000100000000)
  region size 1024K, 2 young (2048K), 2 survivors (2048K)
 Metaspace       used 63479K, committed 65088K, reserved 1114112K
  class space    used 8714K, committed 9536K, reserved 1048576K
}
Event: 5.973 GC heap before
{Heap before GC invocations=16 (full 0):
 garbage-first heap   total 291840K, used 218096K [0x0000000080000000, 0x0000000100000000)
  region size 1024K, 171 young (175104K), 2 survivors (2048K)
 Metaspace       used 69338K, committed 71104K, reserved 1114112K
  class space    used 9511K, committed 10368K, reserved 1048576K
}
Event: 5.978 GC heap after
{Heap after GC invocations=17 (full 0):
 garbage-first heap   total 291840K, used 56141K [0x0000000080000000, 0x0000000100000000)
  region size 1024K, 13 young (13312K), 13 survivors (13312K)
 Metaspace       used 69338K, committed 71104K, reserved 1114112K
  class space    used 9511K, committed 10368K, reserved 1048576K
}
Event: 7.597 GC heap before
{Heap before GC invocations=17 (full 0):
 garbage-first heap   total 291840K, used 228173K [0x0000000080000000, 0x0000000100000000)
  region size 1024K, 171 young (175104K), 13 survivors (13312K)
 Metaspace       used 78445K, committed 80192K, reserved 1179648K
  class space    used 10751K, committed 11584K, reserved 1048576K
}
Event: 7.603 GC heap after
{Heap after GC invocations=18 (full 0):
 garbage-first heap   total 291840K, used 78756K [0x0000000080000000, 0x0000000100000000)
  region size 1024K, 22 young (22528K), 22 survivors (22528K)
 Metaspace       used 78445K, committed 80192K, reserved 1179648K
  class space    used 10751K, committed 11584K, reserved 1048576K
}
Event: 8.627 GC heap before
{Heap before GC invocations=18 (full 0):
 garbage-first heap   total 291840K, used 236452K [0x0000000080000000, 0x0000000100000000)
  region size 1024K, 171 young (175104K), 22 survivors (22528K)
 Metaspace       used 92783K, committed 94720K, reserved 1179648K
  class space    used 12598K, committed 13568K, reserved 1048576K
}
Event: 8.634 GC heap after
{Heap after GC invocations=19 (full 0):
 garbage-first heap   total 291840K, used 92260K [0x0000000080000000, 0x0000000100000000)
  region size 1024K, 12 young (12288K), 12 survivors (12288K)
 Metaspace       used 92783K, committed 94720K, reserved 1179648K
  class space    used 12598K, committed 13568K, reserved 1048576K
}
Event: 10.216 GC heap before
{Heap before GC invocations=19 (full 0):
 garbage-first heap   total 291840K, used 195684K [0x0000000080000000, 0x0000000100000000)
  region size 1024K, 113 young (115712K), 12 survivors (12288K)
 Metaspace       used 99002K, committed 100928K, reserved 1179648K
  class space    used 13485K, committed 14464K, reserved 1048576K
}
Event: 10.221 GC heap after
{Heap after GC invocations=20 (full 0):
 garbage-first heap   total 291840K, used 96935K [0x0000000080000000, 0x0000000100000000)
  region size 1024K, 16 young (16384K), 16 survivors (16384K)
 Metaspace       used 99002K, committed 100928K, reserved 1179648K
  class space    used 13485K, committed 14464K, reserved 1048576K
}
Event: 11.528 GC heap before
{Heap before GC invocations=21 (full 0):
 garbage-first heap   total 291840K, used 255655K [0x0000000080000000, 0x0000000100000000)
  region size 1024K, 171 young (175104K), 16 survivors (16384K)
 Metaspace       used 109700K, committed 111872K, reserved 1179648K
  class space    used 15199K, committed 16256K, reserved 1048576K
}
Event: 11.535 GC heap after
{Heap after GC invocations=22 (full 0):
 garbage-first heap   total 291840K, used 104606K [0x0000000080000000, 0x0000000100000000)
  region size 1024K, 14 young (14336K), 14 survivors (14336K)
 Metaspace       used 109700K, committed 111872K, reserved 1179648K
  class space    used 15199K, committed 16256K, reserved 1048576K
}

